<?xml version="1.0" encoding="UTF-8"?>
<testsuite xmlns:xsi="http://www.w3.org/2001/XMLSchema-instance" xsi:noNamespaceSchemaLocation="https://maven.apache.org/surefire/maven-surefire-plugin/xsd/surefire-test-report.xsd" name="com.java.hotpotserver.HotpotServerApplicationTests" time="4.515" tests="1" errors="1" skipped="0" failures="0">
  <properties>
    <property name="sun.desktop" value="windows"/>
    <property name="awt.toolkit" value="sun.awt.windows.WToolkit"/>
    <property name="file.encoding.pkg" value="sun.io"/>
    <property name="java.specification.version" value="1.8"/>
    <property name="sun.cpu.isalist" value="amd64"/>
    <property name="sun.jnu.encoding" value="GBK"/>
    <property name="java.class.path" value="C:\Users\蒋劼成.LAPTOP-87SV1S3M\IdeaProjects\hotpotServer\target\test-classes;C:\Users\蒋劼成.LAPTOP-87SV1S3M\IdeaProjects\hotpotServer\target\classes;C:\Users\蒋劼成.LAPTOP-87SV1S3M\.m2\repository\org\springframework\boot\spring-boot-starter\2.7.13\spring-boot-starter-2.7.13.jar;C:\Users\蒋劼成.LAPTOP-87SV1S3M\.m2\repository\org\springframework\boot\spring-boot\2.7.13\spring-boot-2.7.13.jar;C:\Users\蒋劼成.LAPTOP-87SV1S3M\.m2\repository\org\springframework\spring-context\5.3.28\spring-context-5.3.28.jar;C:\Users\蒋劼成.LAPTOP-87SV1S3M\.m2\repository\org\springframework\boot\spring-boot-autoconfigure\2.7.13\spring-boot-autoconfigure-2.7.13.jar;C:\Users\蒋劼成.LAPTOP-87SV1S3M\.m2\repository\org\springframework\boot\spring-boot-starter-logging\2.7.13\spring-boot-starter-logging-2.7.13.jar;C:\Users\蒋劼成.LAPTOP-87SV1S3M\.m2\repository\ch\qos\logback\logback-classic\1.2.12\logback-classic-1.2.12.jar;C:\Users\蒋劼成.LAPTOP-87SV1S3M\.m2\repository\ch\qos\logback\logback-core\1.2.12\logback-core-1.2.12.jar;C:\Users\蒋劼成.LAPTOP-87SV1S3M\.m2\repository\org\apache\logging\log4j\log4j-to-slf4j\2.17.2\log4j-to-slf4j-2.17.2.jar;C:\Users\蒋劼成.LAPTOP-87SV1S3M\.m2\repository\org\apache\logging\log4j\log4j-api\2.17.2\log4j-api-2.17.2.jar;C:\Users\蒋劼成.LAPTOP-87SV1S3M\.m2\repository\org\slf4j\jul-to-slf4j\1.7.36\jul-to-slf4j-1.7.36.jar;C:\Users\蒋劼成.LAPTOP-87SV1S3M\.m2\repository\jakarta\annotation\jakarta.annotation-api\1.3.5\jakarta.annotation-api-1.3.5.jar;C:\Users\蒋劼成.LAPTOP-87SV1S3M\.m2\repository\org\springframework\spring-core\5.3.28\spring-core-5.3.28.jar;C:\Users\蒋劼成.LAPTOP-87SV1S3M\.m2\repository\org\springframework\spring-jcl\5.3.28\spring-jcl-5.3.28.jar;C:\Users\蒋劼成.LAPTOP-87SV1S3M\.m2\repository\org\yaml\snakeyaml\1.30\snakeyaml-1.30.jar;C:\Users\蒋劼成.LAPTOP-87SV1S3M\.m2\repository\org\springframework\boot\spring-boot-starter-web\2.7.13\spring-boot-starter-web-2.7.13.jar;C:\Users\蒋劼成.LAPTOP-87SV1S3M\.m2\repository\org\springframework\boot\spring-boot-starter-json\2.7.13\spring-boot-starter-json-2.7.13.jar;C:\Users\蒋劼成.LAPTOP-87SV1S3M\.m2\repository\com\fasterxml\jackson\datatype\jackson-datatype-jdk8\2.13.5\jackson-datatype-jdk8-2.13.5.jar;C:\Users\蒋劼成.LAPTOP-87SV1S3M\.m2\repository\com\fasterxml\jackson\datatype\jackson-datatype-jsr310\2.13.5\jackson-datatype-jsr310-2.13.5.jar;C:\Users\蒋劼成.LAPTOP-87SV1S3M\.m2\repository\com\fasterxml\jackson\module\jackson-module-parameter-names\2.13.5\jackson-module-parameter-names-2.13.5.jar;C:\Users\蒋劼成.LAPTOP-87SV1S3M\.m2\repository\org\springframework\boot\spring-boot-starter-tomcat\2.7.13\spring-boot-starter-tomcat-2.7.13.jar;C:\Users\蒋劼成.LAPTOP-87SV1S3M\.m2\repository\org\apache\tomcat\embed\tomcat-embed-core\9.0.76\tomcat-embed-core-9.0.76.jar;C:\Users\蒋劼成.LAPTOP-87SV1S3M\.m2\repository\org\apache\tomcat\embed\tomcat-embed-el\9.0.76\tomcat-embed-el-9.0.76.jar;C:\Users\蒋劼成.LAPTOP-87SV1S3M\.m2\repository\org\apache\tomcat\embed\tomcat-embed-websocket\9.0.76\tomcat-embed-websocket-9.0.76.jar;C:\Users\蒋劼成.LAPTOP-87SV1S3M\.m2\repository\org\springframework\spring-web\5.3.28\spring-web-5.3.28.jar;C:\Users\蒋劼成.LAPTOP-87SV1S3M\.m2\repository\org\springframework\spring-beans\5.3.28\spring-beans-5.3.28.jar;C:\Users\蒋劼成.LAPTOP-87SV1S3M\.m2\repository\org\springframework\spring-webmvc\5.3.28\spring-webmvc-5.3.28.jar;C:\Users\蒋劼成.LAPTOP-87SV1S3M\.m2\repository\org\springframework\spring-aop\5.3.28\spring-aop-5.3.28.jar;C:\Users\蒋劼成.LAPTOP-87SV1S3M\.m2\repository\org\springframework\spring-expression\5.3.28\spring-expression-5.3.28.jar;C:\Users\蒋劼成.LAPTOP-87SV1S3M\.m2\repository\org\springframework\boot\spring-boot-configuration-processor\2.3.10.RELEASE\spring-boot-configuration-processor-2.3.10.RELEASE.jar;C:\Users\蒋劼成.LAPTOP-87SV1S3M\.m2\repository\org\springframework\boot\spring-boot-starter-thymeleaf\2.7.13\spring-boot-starter-thymeleaf-2.7.13.jar;C:\Users\蒋劼成.LAPTOP-87SV1S3M\.m2\repository\org\thymeleaf\thymeleaf-spring5\3.0.15.RELEASE\thymeleaf-spring5-3.0.15.RELEASE.jar;C:\Users\蒋劼成.LAPTOP-87SV1S3M\.m2\repository\org\thymeleaf\thymeleaf\3.0.15.RELEASE\thymeleaf-3.0.15.RELEASE.jar;C:\Users\蒋劼成.LAPTOP-87SV1S3M\.m2\repository\org\attoparser\attoparser\2.0.5.RELEASE\attoparser-2.0.5.RELEASE.jar;C:\Users\蒋劼成.LAPTOP-87SV1S3M\.m2\repository\org\unbescape\unbescape\1.1.6.RELEASE\unbescape-1.1.6.RELEASE.jar;C:\Users\蒋劼成.LAPTOP-87SV1S3M\.m2\repository\org\thymeleaf\extras\thymeleaf-extras-java8time\3.0.4.RELEASE\thymeleaf-extras-java8time-3.0.4.RELEASE.jar;C:\Users\蒋劼成.LAPTOP-87SV1S3M\.m2\repository\com\alibaba\fastjson\1.2.75\fastjson-1.2.75.jar;C:\Users\蒋劼成.LAPTOP-87SV1S3M\.m2\repository\org\projectlombok\lombok\1.18.28\lombok-1.18.28.jar;C:\Users\蒋劼成.LAPTOP-87SV1S3M\.m2\repository\net\sf\json-lib\json-lib\2.4\json-lib-2.4-jdk15.jar;C:\Users\蒋劼成.LAPTOP-87SV1S3M\.m2\repository\commons-beanutils\commons-beanutils\1.8.0\commons-beanutils-1.8.0.jar;C:\Users\蒋劼成.LAPTOP-87SV1S3M\.m2\repository\commons-collections\commons-collections\3.2.1\commons-collections-3.2.1.jar;C:\Users\蒋劼成.LAPTOP-87SV1S3M\.m2\repository\commons-lang\commons-lang\2.5\commons-lang-2.5.jar;C:\Users\蒋劼成.LAPTOP-87SV1S3M\.m2\repository\net\sf\ezmorph\ezmorph\1.0.6\ezmorph-1.0.6.jar;C:\Users\蒋劼成.LAPTOP-87SV1S3M\.m2\repository\com\baomidou\mybatis-plus-boot-starter\3.3.0\mybatis-plus-boot-starter-3.3.0.jar;C:\Users\蒋劼成.LAPTOP-87SV1S3M\.m2\repository\com\baomidou\mybatis-plus\3.3.0\mybatis-plus-3.3.0.jar;C:\Users\蒋劼成.LAPTOP-87SV1S3M\.m2\repository\org\springframework\boot\spring-boot-starter-jdbc\2.7.13\spring-boot-starter-jdbc-2.7.13.jar;C:\Users\蒋劼成.LAPTOP-87SV1S3M\.m2\repository\com\zaxxer\HikariCP\4.0.3\HikariCP-4.0.3.jar;C:\Users\蒋劼成.LAPTOP-87SV1S3M\.m2\repository\org\springframework\spring-jdbc\5.3.28\spring-jdbc-5.3.28.jar;C:\Users\蒋劼成.LAPTOP-87SV1S3M\.m2\repository\org\springframework\spring-tx\5.3.28\spring-tx-5.3.28.jar;C:\Users\蒋劼成.LAPTOP-87SV1S3M\.m2\repository\mysql\mysql-connector-java\8.0.18\mysql-connector-java-8.0.18.jar;C:\Users\蒋劼成.LAPTOP-87SV1S3M\.m2\repository\com\google\protobuf\protobuf-java\3.6.1\protobuf-java-3.6.1.jar;C:\Users\蒋劼成.LAPTOP-87SV1S3M\.m2\repository\com\alibaba\druid-spring-boot-starter\1.1.20\druid-spring-boot-starter-1.1.20.jar;C:\Users\蒋劼成.LAPTOP-87SV1S3M\.m2\repository\com\alibaba\druid\1.1.20\druid-1.1.20.jar;C:\Users\蒋劼成.LAPTOP-87SV1S3M\.m2\repository\org\slf4j\slf4j-api\1.7.36\slf4j-api-1.7.36.jar;C:\Users\蒋劼成.LAPTOP-87SV1S3M\.m2\repository\org\springframework\boot\spring-boot-starter-freemarker\2.2.2.RELEASE\spring-boot-starter-freemarker-2.2.2.RELEASE.jar;C:\Users\蒋劼成.LAPTOP-87SV1S3M\.m2\repository\org\freemarker\freemarker\2.3.32\freemarker-2.3.32.jar;C:\Users\蒋劼成.LAPTOP-87SV1S3M\.m2\repository\org\springframework\spring-context-support\5.3.28\spring-context-support-5.3.28.jar;C:\Users\蒋劼成.LAPTOP-87SV1S3M\.m2\repository\com\baomidou\mybatis-plus-generator\3.3.0\mybatis-plus-generator-3.3.0.jar;C:\Users\蒋劼成.LAPTOP-87SV1S3M\.m2\repository\com\baomidou\mybatis-plus-extension\3.3.0\mybatis-plus-extension-3.3.0.jar;C:\Users\蒋劼成.LAPTOP-87SV1S3M\.m2\repository\com\baomidou\mybatis-plus-core\3.3.0\mybatis-plus-core-3.3.0.jar;C:\Users\蒋劼成.LAPTOP-87SV1S3M\.m2\repository\com\baomidou\mybatis-plus-annotation\3.3.0\mybatis-plus-annotation-3.3.0.jar;C:\Users\蒋劼成.LAPTOP-87SV1S3M\.m2\repository\com\github\jsqlparser\jsqlparser\3.1\jsqlparser-3.1.jar;C:\Users\蒋劼成.LAPTOP-87SV1S3M\.m2\repository\org\mybatis\mybatis\3.5.3\mybatis-3.5.3.jar;C:\Users\蒋劼成.LAPTOP-87SV1S3M\.m2\repository\org\mybatis\mybatis-spring\2.0.3\mybatis-spring-2.0.3.jar;C:\Users\蒋劼成.LAPTOP-87SV1S3M\.m2\repository\io\springfox\springfox-swagger-ui\2.9.2\springfox-swagger-ui-2.9.2.jar;C:\Users\蒋劼成.LAPTOP-87SV1S3M\.m2\repository\io\springfox\springfox-spring-web\2.9.2\springfox-spring-web-2.9.2.jar;C:\Users\蒋劼成.LAPTOP-87SV1S3M\.m2\repository\io\springfox\springfox-swagger2\2.9.2\springfox-swagger2-2.9.2.jar;C:\Users\蒋劼成.LAPTOP-87SV1S3M\.m2\repository\io\swagger\swagger-annotations\1.5.20\swagger-annotations-1.5.20.jar;C:\Users\蒋劼成.LAPTOP-87SV1S3M\.m2\repository\io\swagger\swagger-models\1.5.20\swagger-models-1.5.20.jar;C:\Users\蒋劼成.LAPTOP-87SV1S3M\.m2\repository\io\springfox\springfox-spi\2.9.2\springfox-spi-2.9.2.jar;C:\Users\蒋劼成.LAPTOP-87SV1S3M\.m2\repository\io\springfox\springfox-core\2.9.2\springfox-core-2.9.2.jar;C:\Users\蒋劼成.LAPTOP-87SV1S3M\.m2\repository\io\springfox\springfox-schema\2.9.2\springfox-schema-2.9.2.jar;C:\Users\蒋劼成.LAPTOP-87SV1S3M\.m2\repository\io\springfox\springfox-swagger-common\2.9.2\springfox-swagger-common-2.9.2.jar;C:\Users\蒋劼成.LAPTOP-87SV1S3M\.m2\repository\com\google\guava\guava\20.0\guava-20.0.jar;C:\Users\蒋劼成.LAPTOP-87SV1S3M\.m2\repository\com\fasterxml\classmate\1.5.1\classmate-1.5.1.jar;C:\Users\蒋劼成.LAPTOP-87SV1S3M\.m2\repository\org\springframework\plugin\spring-plugin-core\1.2.0.RELEASE\spring-plugin-core-1.2.0.RELEASE.jar;C:\Users\蒋劼成.LAPTOP-87SV1S3M\.m2\repository\org\springframework\plugin\spring-plugin-metadata\1.2.0.RELEASE\spring-plugin-metadata-1.2.0.RELEASE.jar;C:\Users\蒋劼成.LAPTOP-87SV1S3M\.m2\repository\org\mapstruct\mapstruct\1.2.0.Final\mapstruct-1.2.0.Final.jar;C:\Users\蒋劼成.LAPTOP-87SV1S3M\.m2\repository\commons-logging\commons-logging\1.2\commons-logging-1.2.jar;C:\Users\蒋劼成.LAPTOP-87SV1S3M\.m2\repository\org\springframework\boot\spring-boot-starter-test\2.7.13\spring-boot-starter-test-2.7.13.jar;C:\Users\蒋劼成.LAPTOP-87SV1S3M\.m2\repository\org\springframework\boot\spring-boot-test-autoconfigure\2.7.13\spring-boot-test-autoconfigure-2.7.13.jar;C:\Users\蒋劼成.LAPTOP-87SV1S3M\.m2\repository\com\jayway\jsonpath\json-path\2.7.0\json-path-2.7.0.jar;C:\Users\蒋劼成.LAPTOP-87SV1S3M\.m2\repository\net\minidev\json-smart\2.4.11\json-smart-2.4.11.jar;C:\Users\蒋劼成.LAPTOP-87SV1S3M\.m2\repository\net\minidev\accessors-smart\2.4.11\accessors-smart-2.4.11.jar;C:\Users\蒋劼成.LAPTOP-87SV1S3M\.m2\repository\org\ow2\asm\asm\9.3\asm-9.3.jar;C:\Users\蒋劼成.LAPTOP-87SV1S3M\.m2\repository\jakarta\xml\bind\jakarta.xml.bind-api\2.3.3\jakarta.xml.bind-api-2.3.3.jar;C:\Users\蒋劼成.LAPTOP-87SV1S3M\.m2\repository\jakarta\activation\jakarta.activation-api\1.2.2\jakarta.activation-api-1.2.2.jar;C:\Users\蒋劼成.LAPTOP-87SV1S3M\.m2\repository\org\assertj\assertj-core\3.22.0\assertj-core-3.22.0.jar;C:\Users\蒋劼成.LAPTOP-87SV1S3M\.m2\repository\org\hamcrest\hamcrest\2.2\hamcrest-2.2.jar;C:\Users\蒋劼成.LAPTOP-87SV1S3M\.m2\repository\org\junit\jupiter\junit-jupiter\5.8.2\junit-jupiter-5.8.2.jar;C:\Users\蒋劼成.LAPTOP-87SV1S3M\.m2\repository\org\junit\jupiter\junit-jupiter-api\5.8.2\junit-jupiter-api-5.8.2.jar;C:\Users\蒋劼成.LAPTOP-87SV1S3M\.m2\repository\org\opentest4j\opentest4j\1.2.0\opentest4j-1.2.0.jar;C:\Users\蒋劼成.LAPTOP-87SV1S3M\.m2\repository\org\junit\platform\junit-platform-commons\1.8.2\junit-platform-commons-1.8.2.jar;C:\Users\蒋劼成.LAPTOP-87SV1S3M\.m2\repository\org\apiguardian\apiguardian-api\1.1.2\apiguardian-api-1.1.2.jar;C:\Users\蒋劼成.LAPTOP-87SV1S3M\.m2\repository\org\junit\jupiter\junit-jupiter-params\5.8.2\junit-jupiter-params-5.8.2.jar;C:\Users\蒋劼成.LAPTOP-87SV1S3M\.m2\repository\org\junit\jupiter\junit-jupiter-engine\5.8.2\junit-jupiter-engine-5.8.2.jar;C:\Users\蒋劼成.LAPTOP-87SV1S3M\.m2\repository\org\junit\platform\junit-platform-engine\1.8.2\junit-platform-engine-1.8.2.jar;C:\Users\蒋劼成.LAPTOP-87SV1S3M\.m2\repository\org\mockito\mockito-core\4.5.1\mockito-core-4.5.1.jar;C:\Users\蒋劼成.LAPTOP-87SV1S3M\.m2\repository\net\bytebuddy\byte-buddy\1.12.23\byte-buddy-1.12.23.jar;C:\Users\蒋劼成.LAPTOP-87SV1S3M\.m2\repository\net\bytebuddy\byte-buddy-agent\1.12.23\byte-buddy-agent-1.12.23.jar;C:\Users\蒋劼成.LAPTOP-87SV1S3M\.m2\repository\org\objenesis\objenesis\3.2\objenesis-3.2.jar;C:\Users\蒋劼成.LAPTOP-87SV1S3M\.m2\repository\org\mockito\mockito-junit-jupiter\4.5.1\mockito-junit-jupiter-4.5.1.jar;C:\Users\蒋劼成.LAPTOP-87SV1S3M\.m2\repository\org\skyscreamer\jsonassert\1.5.1\jsonassert-1.5.1.jar;C:\Users\蒋劼成.LAPTOP-87SV1S3M\.m2\repository\com\vaadin\external\google\android-json\0.0.20131108.vaadin1\android-json-0.0.20131108.vaadin1.jar;C:\Users\蒋劼成.LAPTOP-87SV1S3M\.m2\repository\org\springframework\spring-test\5.3.28\spring-test-5.3.28.jar;C:\Users\蒋劼成.LAPTOP-87SV1S3M\.m2\repository\org\xmlunit\xmlunit-core\2.9.1\xmlunit-core-2.9.1.jar;C:\Users\蒋劼成.LAPTOP-87SV1S3M\.m2\repository\org\springframework\boot\spring-boot-test\2.7.0\spring-boot-test-2.7.0.jar;C:\Users\蒋劼成.LAPTOP-87SV1S3M\.m2\repository\org\springframework\boot\spring-boot-starter-websocket\2.7.13\spring-boot-starter-websocket-2.7.13.jar;C:\Users\蒋劼成.LAPTOP-87SV1S3M\.m2\repository\org\springframework\spring-messaging\5.3.28\spring-messaging-5.3.28.jar;C:\Users\蒋劼成.LAPTOP-87SV1S3M\.m2\repository\org\springframework\spring-websocket\5.3.28\spring-websocket-5.3.28.jar;C:\Users\蒋劼成.LAPTOP-87SV1S3M\.m2\repository\com\mashape\unirest\unirest-java\1.4.9\unirest-java-1.4.9.jar;C:\Users\蒋劼成.LAPTOP-87SV1S3M\.m2\repository\org\apache\httpcomponents\httpclient\4.5.14\httpclient-4.5.14.jar;C:\Users\蒋劼成.LAPTOP-87SV1S3M\.m2\repository\org\apache\httpcomponents\httpcore\4.4.16\httpcore-4.4.16.jar;C:\Users\蒋劼成.LAPTOP-87SV1S3M\.m2\repository\commons-codec\commons-codec\1.15\commons-codec-1.15.jar;C:\Users\蒋劼成.LAPTOP-87SV1S3M\.m2\repository\org\apache\httpcomponents\httpasyncclient\4.1.5\httpasyncclient-4.1.5.jar;C:\Users\蒋劼成.LAPTOP-87SV1S3M\.m2\repository\org\apache\httpcomponents\httpcore-nio\4.4.16\httpcore-nio-4.4.16.jar;C:\Users\蒋劼成.LAPTOP-87SV1S3M\.m2\repository\org\apache\httpcomponents\httpmime\4.5.14\httpmime-4.5.14.jar;C:\Users\蒋劼成.LAPTOP-87SV1S3M\.m2\repository\org\json\json\20160212\json-20160212.jar;C:\Users\蒋劼成.LAPTOP-87SV1S3M\.m2\repository\com\aliyun\oss\aliyun-sdk-oss\3.15.2\aliyun-sdk-oss-3.15.2.jar;C:\Users\蒋劼成.LAPTOP-87SV1S3M\.m2\repository\org\jdom\jdom2\2.0.6.1\jdom2-2.0.6.1.jar;C:\Users\蒋劼成.LAPTOP-87SV1S3M\.m2\repository\org\codehaus\jettison\jettison\1.1\jettison-1.1.jar;C:\Users\蒋劼成.LAPTOP-87SV1S3M\.m2\repository\stax\stax-api\1.0.1\stax-api-1.0.1.jar;C:\Users\蒋劼成.LAPTOP-87SV1S3M\.m2\repository\com\aliyun\aliyun-java-sdk-core\4.5.10\aliyun-java-sdk-core-4.5.10.jar;C:\Users\蒋劼成.LAPTOP-87SV1S3M\.m2\repository\com\google\code\gson\gson\2.9.1\gson-2.9.1.jar;C:\Users\蒋劼成.LAPTOP-87SV1S3M\.m2\repository\javax\xml\bind\jaxb-api\2.3.1\jaxb-api-2.3.1.jar;C:\Users\蒋劼成.LAPTOP-87SV1S3M\.m2\repository\javax\activation\javax.activation-api\1.2.0\javax.activation-api-1.2.0.jar;C:\Users\蒋劼成.LAPTOP-87SV1S3M\.m2\repository\org\jacoco\org.jacoco.agent\0.8.5\org.jacoco.agent-0.8.5-runtime.jar;C:\Users\蒋劼成.LAPTOP-87SV1S3M\.m2\repository\org\ini4j\ini4j\0.5.4\ini4j-0.5.4.jar;C:\Users\蒋劼成.LAPTOP-87SV1S3M\.m2\repository\io\opentracing\opentracing-api\0.33.0\opentracing-api-0.33.0.jar;C:\Users\蒋劼成.LAPTOP-87SV1S3M\.m2\repository\io\opentracing\opentracing-util\0.33.0\opentracing-util-0.33.0.jar;C:\Users\蒋劼成.LAPTOP-87SV1S3M\.m2\repository\io\opentracing\opentracing-noop\0.33.0\opentracing-noop-0.33.0.jar;C:\Users\蒋劼成.LAPTOP-87SV1S3M\.m2\repository\com\aliyun\aliyun-java-sdk-ram\3.1.0\aliyun-java-sdk-ram-3.1.0.jar;C:\Users\蒋劼成.LAPTOP-87SV1S3M\.m2\repository\com\aliyun\aliyun-java-sdk-kms\2.11.0\aliyun-java-sdk-kms-2.11.0.jar;C:\Users\蒋劼成.LAPTOP-87SV1S3M\.m2\repository\com\fasterxml\jackson\core\jackson-databind\2.12.3\jackson-databind-2.12.3.jar;C:\Users\蒋劼成.LAPTOP-87SV1S3M\.m2\repository\com\fasterxml\jackson\core\jackson-annotations\2.13.5\jackson-annotations-2.13.5.jar;C:\Users\蒋劼成.LAPTOP-87SV1S3M\.m2\repository\com\fasterxml\jackson\core\jackson-core\2.13.5\jackson-core-2.13.5.jar;"/>
    <property name="java.vm.vendor" value="Oracle Corporation"/>
    <property name="sun.arch.data.model" value="64"/>
    <property name="user.variant" value=""/>
    <property name="java.vendor.url" value="http://java.oracle.com/"/>
    <property name="user.timezone" value="Asia/Shanghai"/>
    <property name="java.vm.specification.version" value="1.8"/>
    <property name="os.name" value="Windows 10"/>
    <property name="user.country" value="CN"/>
    <property name="sun.java.launcher" value="SUN_STANDARD"/>
    <property name="sun.boot.library.path" value="E:\JDK\jre\bin"/>
    <property name="sun.java.command" value="C:\Windows\TEMP\surefire7225325540003994807\surefirebooter4344059128363101306.jar C:\Windows\Temp\surefire7225325540003994807 2023-09-15T01-09-37_049-jvmRun1 surefire5761423049054796347tmp surefire_05511380970289825157tmp"/>
    <property name="surefire.test.class.path" value="C:\Users\蒋劼成.LAPTOP-87SV1S3M\IdeaProjects\hotpotServer\target\test-classes;C:\Users\蒋劼成.LAPTOP-87SV1S3M\IdeaProjects\hotpotServer\target\classes;C:\Users\蒋劼成.LAPTOP-87SV1S3M\.m2\repository\org\springframework\boot\spring-boot-starter\2.7.13\spring-boot-starter-2.7.13.jar;C:\Users\蒋劼成.LAPTOP-87SV1S3M\.m2\repository\org\springframework\boot\spring-boot\2.7.13\spring-boot-2.7.13.jar;C:\Users\蒋劼成.LAPTOP-87SV1S3M\.m2\repository\org\springframework\spring-context\5.3.28\spring-context-5.3.28.jar;C:\Users\蒋劼成.LAPTOP-87SV1S3M\.m2\repository\org\springframework\boot\spring-boot-autoconfigure\2.7.13\spring-boot-autoconfigure-2.7.13.jar;C:\Users\蒋劼成.LAPTOP-87SV1S3M\.m2\repository\org\springframework\boot\spring-boot-starter-logging\2.7.13\spring-boot-starter-logging-2.7.13.jar;C:\Users\蒋劼成.LAPTOP-87SV1S3M\.m2\repository\ch\qos\logback\logback-classic\1.2.12\logback-classic-1.2.12.jar;C:\Users\蒋劼成.LAPTOP-87SV1S3M\.m2\repository\ch\qos\logback\logback-core\1.2.12\logback-core-1.2.12.jar;C:\Users\蒋劼成.LAPTOP-87SV1S3M\.m2\repository\org\apache\logging\log4j\log4j-to-slf4j\2.17.2\log4j-to-slf4j-2.17.2.jar;C:\Users\蒋劼成.LAPTOP-87SV1S3M\.m2\repository\org\apache\logging\log4j\log4j-api\2.17.2\log4j-api-2.17.2.jar;C:\Users\蒋劼成.LAPTOP-87SV1S3M\.m2\repository\org\slf4j\jul-to-slf4j\1.7.36\jul-to-slf4j-1.7.36.jar;C:\Users\蒋劼成.LAPTOP-87SV1S3M\.m2\repository\jakarta\annotation\jakarta.annotation-api\1.3.5\jakarta.annotation-api-1.3.5.jar;C:\Users\蒋劼成.LAPTOP-87SV1S3M\.m2\repository\org\springframework\spring-core\5.3.28\spring-core-5.3.28.jar;C:\Users\蒋劼成.LAPTOP-87SV1S3M\.m2\repository\org\springframework\spring-jcl\5.3.28\spring-jcl-5.3.28.jar;C:\Users\蒋劼成.LAPTOP-87SV1S3M\.m2\repository\org\yaml\snakeyaml\1.30\snakeyaml-1.30.jar;C:\Users\蒋劼成.LAPTOP-87SV1S3M\.m2\repository\org\springframework\boot\spring-boot-starter-web\2.7.13\spring-boot-starter-web-2.7.13.jar;C:\Users\蒋劼成.LAPTOP-87SV1S3M\.m2\repository\org\springframework\boot\spring-boot-starter-json\2.7.13\spring-boot-starter-json-2.7.13.jar;C:\Users\蒋劼成.LAPTOP-87SV1S3M\.m2\repository\com\fasterxml\jackson\datatype\jackson-datatype-jdk8\2.13.5\jackson-datatype-jdk8-2.13.5.jar;C:\Users\蒋劼成.LAPTOP-87SV1S3M\.m2\repository\com\fasterxml\jackson\datatype\jackson-datatype-jsr310\2.13.5\jackson-datatype-jsr310-2.13.5.jar;C:\Users\蒋劼成.LAPTOP-87SV1S3M\.m2\repository\com\fasterxml\jackson\module\jackson-module-parameter-names\2.13.5\jackson-module-parameter-names-2.13.5.jar;C:\Users\蒋劼成.LAPTOP-87SV1S3M\.m2\repository\org\springframework\boot\spring-boot-starter-tomcat\2.7.13\spring-boot-starter-tomcat-2.7.13.jar;C:\Users\蒋劼成.LAPTOP-87SV1S3M\.m2\repository\org\apache\tomcat\embed\tomcat-embed-core\9.0.76\tomcat-embed-core-9.0.76.jar;C:\Users\蒋劼成.LAPTOP-87SV1S3M\.m2\repository\org\apache\tomcat\embed\tomcat-embed-el\9.0.76\tomcat-embed-el-9.0.76.jar;C:\Users\蒋劼成.LAPTOP-87SV1S3M\.m2\repository\org\apache\tomcat\embed\tomcat-embed-websocket\9.0.76\tomcat-embed-websocket-9.0.76.jar;C:\Users\蒋劼成.LAPTOP-87SV1S3M\.m2\repository\org\springframework\spring-web\5.3.28\spring-web-5.3.28.jar;C:\Users\蒋劼成.LAPTOP-87SV1S3M\.m2\repository\org\springframework\spring-beans\5.3.28\spring-beans-5.3.28.jar;C:\Users\蒋劼成.LAPTOP-87SV1S3M\.m2\repository\org\springframework\spring-webmvc\5.3.28\spring-webmvc-5.3.28.jar;C:\Users\蒋劼成.LAPTOP-87SV1S3M\.m2\repository\org\springframework\spring-aop\5.3.28\spring-aop-5.3.28.jar;C:\Users\蒋劼成.LAPTOP-87SV1S3M\.m2\repository\org\springframework\spring-expression\5.3.28\spring-expression-5.3.28.jar;C:\Users\蒋劼成.LAPTOP-87SV1S3M\.m2\repository\org\springframework\boot\spring-boot-configuration-processor\2.3.10.RELEASE\spring-boot-configuration-processor-2.3.10.RELEASE.jar;C:\Users\蒋劼成.LAPTOP-87SV1S3M\.m2\repository\org\springframework\boot\spring-boot-starter-thymeleaf\2.7.13\spring-boot-starter-thymeleaf-2.7.13.jar;C:\Users\蒋劼成.LAPTOP-87SV1S3M\.m2\repository\org\thymeleaf\thymeleaf-spring5\3.0.15.RELEASE\thymeleaf-spring5-3.0.15.RELEASE.jar;C:\Users\蒋劼成.LAPTOP-87SV1S3M\.m2\repository\org\thymeleaf\thymeleaf\3.0.15.RELEASE\thymeleaf-3.0.15.RELEASE.jar;C:\Users\蒋劼成.LAPTOP-87SV1S3M\.m2\repository\org\attoparser\attoparser\2.0.5.RELEASE\attoparser-2.0.5.RELEASE.jar;C:\Users\蒋劼成.LAPTOP-87SV1S3M\.m2\repository\org\unbescape\unbescape\1.1.6.RELEASE\unbescape-1.1.6.RELEASE.jar;C:\Users\蒋劼成.LAPTOP-87SV1S3M\.m2\repository\org\thymeleaf\extras\thymeleaf-extras-java8time\3.0.4.RELEASE\thymeleaf-extras-java8time-3.0.4.RELEASE.jar;C:\Users\蒋劼成.LAPTOP-87SV1S3M\.m2\repository\com\alibaba\fastjson\1.2.75\fastjson-1.2.75.jar;C:\Users\蒋劼成.LAPTOP-87SV1S3M\.m2\repository\org\projectlombok\lombok\1.18.28\lombok-1.18.28.jar;C:\Users\蒋劼成.LAPTOP-87SV1S3M\.m2\repository\net\sf\json-lib\json-lib\2.4\json-lib-2.4-jdk15.jar;C:\Users\蒋劼成.LAPTOP-87SV1S3M\.m2\repository\commons-beanutils\commons-beanutils\1.8.0\commons-beanutils-1.8.0.jar;C:\Users\蒋劼成.LAPTOP-87SV1S3M\.m2\repository\commons-collections\commons-collections\3.2.1\commons-collections-3.2.1.jar;C:\Users\蒋劼成.LAPTOP-87SV1S3M\.m2\repository\commons-lang\commons-lang\2.5\commons-lang-2.5.jar;C:\Users\蒋劼成.LAPTOP-87SV1S3M\.m2\repository\net\sf\ezmorph\ezmorph\1.0.6\ezmorph-1.0.6.jar;C:\Users\蒋劼成.LAPTOP-87SV1S3M\.m2\repository\com\baomidou\mybatis-plus-boot-starter\3.3.0\mybatis-plus-boot-starter-3.3.0.jar;C:\Users\蒋劼成.LAPTOP-87SV1S3M\.m2\repository\com\baomidou\mybatis-plus\3.3.0\mybatis-plus-3.3.0.jar;C:\Users\蒋劼成.LAPTOP-87SV1S3M\.m2\repository\org\springframework\boot\spring-boot-starter-jdbc\2.7.13\spring-boot-starter-jdbc-2.7.13.jar;C:\Users\蒋劼成.LAPTOP-87SV1S3M\.m2\repository\com\zaxxer\HikariCP\4.0.3\HikariCP-4.0.3.jar;C:\Users\蒋劼成.LAPTOP-87SV1S3M\.m2\repository\org\springframework\spring-jdbc\5.3.28\spring-jdbc-5.3.28.jar;C:\Users\蒋劼成.LAPTOP-87SV1S3M\.m2\repository\org\springframework\spring-tx\5.3.28\spring-tx-5.3.28.jar;C:\Users\蒋劼成.LAPTOP-87SV1S3M\.m2\repository\mysql\mysql-connector-java\8.0.18\mysql-connector-java-8.0.18.jar;C:\Users\蒋劼成.LAPTOP-87SV1S3M\.m2\repository\com\google\protobuf\protobuf-java\3.6.1\protobuf-java-3.6.1.jar;C:\Users\蒋劼成.LAPTOP-87SV1S3M\.m2\repository\com\alibaba\druid-spring-boot-starter\1.1.20\druid-spring-boot-starter-1.1.20.jar;C:\Users\蒋劼成.LAPTOP-87SV1S3M\.m2\repository\com\alibaba\druid\1.1.20\druid-1.1.20.jar;C:\Users\蒋劼成.LAPTOP-87SV1S3M\.m2\repository\org\slf4j\slf4j-api\1.7.36\slf4j-api-1.7.36.jar;C:\Users\蒋劼成.LAPTOP-87SV1S3M\.m2\repository\org\springframework\boot\spring-boot-starter-freemarker\2.2.2.RELEASE\spring-boot-starter-freemarker-2.2.2.RELEASE.jar;C:\Users\蒋劼成.LAPTOP-87SV1S3M\.m2\repository\org\freemarker\freemarker\2.3.32\freemarker-2.3.32.jar;C:\Users\蒋劼成.LAPTOP-87SV1S3M\.m2\repository\org\springframework\spring-context-support\5.3.28\spring-context-support-5.3.28.jar;C:\Users\蒋劼成.LAPTOP-87SV1S3M\.m2\repository\com\baomidou\mybatis-plus-generator\3.3.0\mybatis-plus-generator-3.3.0.jar;C:\Users\蒋劼成.LAPTOP-87SV1S3M\.m2\repository\com\baomidou\mybatis-plus-extension\3.3.0\mybatis-plus-extension-3.3.0.jar;C:\Users\蒋劼成.LAPTOP-87SV1S3M\.m2\repository\com\baomidou\mybatis-plus-core\3.3.0\mybatis-plus-core-3.3.0.jar;C:\Users\蒋劼成.LAPTOP-87SV1S3M\.m2\repository\com\baomidou\mybatis-plus-annotation\3.3.0\mybatis-plus-annotation-3.3.0.jar;C:\Users\蒋劼成.LAPTOP-87SV1S3M\.m2\repository\com\github\jsqlparser\jsqlparser\3.1\jsqlparser-3.1.jar;C:\Users\蒋劼成.LAPTOP-87SV1S3M\.m2\repository\org\mybatis\mybatis\3.5.3\mybatis-3.5.3.jar;C:\Users\蒋劼成.LAPTOP-87SV1S3M\.m2\repository\org\mybatis\mybatis-spring\2.0.3\mybatis-spring-2.0.3.jar;C:\Users\蒋劼成.LAPTOP-87SV1S3M\.m2\repository\io\springfox\springfox-swagger-ui\2.9.2\springfox-swagger-ui-2.9.2.jar;C:\Users\蒋劼成.LAPTOP-87SV1S3M\.m2\repository\io\springfox\springfox-spring-web\2.9.2\springfox-spring-web-2.9.2.jar;C:\Users\蒋劼成.LAPTOP-87SV1S3M\.m2\repository\io\springfox\springfox-swagger2\2.9.2\springfox-swagger2-2.9.2.jar;C:\Users\蒋劼成.LAPTOP-87SV1S3M\.m2\repository\io\swagger\swagger-annotations\1.5.20\swagger-annotations-1.5.20.jar;C:\Users\蒋劼成.LAPTOP-87SV1S3M\.m2\repository\io\swagger\swagger-models\1.5.20\swagger-models-1.5.20.jar;C:\Users\蒋劼成.LAPTOP-87SV1S3M\.m2\repository\io\springfox\springfox-spi\2.9.2\springfox-spi-2.9.2.jar;C:\Users\蒋劼成.LAPTOP-87SV1S3M\.m2\repository\io\springfox\springfox-core\2.9.2\springfox-core-2.9.2.jar;C:\Users\蒋劼成.LAPTOP-87SV1S3M\.m2\repository\io\springfox\springfox-schema\2.9.2\springfox-schema-2.9.2.jar;C:\Users\蒋劼成.LAPTOP-87SV1S3M\.m2\repository\io\springfox\springfox-swagger-common\2.9.2\springfox-swagger-common-2.9.2.jar;C:\Users\蒋劼成.LAPTOP-87SV1S3M\.m2\repository\com\google\guava\guava\20.0\guava-20.0.jar;C:\Users\蒋劼成.LAPTOP-87SV1S3M\.m2\repository\com\fasterxml\classmate\1.5.1\classmate-1.5.1.jar;C:\Users\蒋劼成.LAPTOP-87SV1S3M\.m2\repository\org\springframework\plugin\spring-plugin-core\1.2.0.RELEASE\spring-plugin-core-1.2.0.RELEASE.jar;C:\Users\蒋劼成.LAPTOP-87SV1S3M\.m2\repository\org\springframework\plugin\spring-plugin-metadata\1.2.0.RELEASE\spring-plugin-metadata-1.2.0.RELEASE.jar;C:\Users\蒋劼成.LAPTOP-87SV1S3M\.m2\repository\org\mapstruct\mapstruct\1.2.0.Final\mapstruct-1.2.0.Final.jar;C:\Users\蒋劼成.LAPTOP-87SV1S3M\.m2\repository\commons-logging\commons-logging\1.2\commons-logging-1.2.jar;C:\Users\蒋劼成.LAPTOP-87SV1S3M\.m2\repository\org\springframework\boot\spring-boot-starter-test\2.7.13\spring-boot-starter-test-2.7.13.jar;C:\Users\蒋劼成.LAPTOP-87SV1S3M\.m2\repository\org\springframework\boot\spring-boot-test-autoconfigure\2.7.13\spring-boot-test-autoconfigure-2.7.13.jar;C:\Users\蒋劼成.LAPTOP-87SV1S3M\.m2\repository\com\jayway\jsonpath\json-path\2.7.0\json-path-2.7.0.jar;C:\Users\蒋劼成.LAPTOP-87SV1S3M\.m2\repository\net\minidev\json-smart\2.4.11\json-smart-2.4.11.jar;C:\Users\蒋劼成.LAPTOP-87SV1S3M\.m2\repository\net\minidev\accessors-smart\2.4.11\accessors-smart-2.4.11.jar;C:\Users\蒋劼成.LAPTOP-87SV1S3M\.m2\repository\org\ow2\asm\asm\9.3\asm-9.3.jar;C:\Users\蒋劼成.LAPTOP-87SV1S3M\.m2\repository\jakarta\xml\bind\jakarta.xml.bind-api\2.3.3\jakarta.xml.bind-api-2.3.3.jar;C:\Users\蒋劼成.LAPTOP-87SV1S3M\.m2\repository\jakarta\activation\jakarta.activation-api\1.2.2\jakarta.activation-api-1.2.2.jar;C:\Users\蒋劼成.LAPTOP-87SV1S3M\.m2\repository\org\assertj\assertj-core\3.22.0\assertj-core-3.22.0.jar;C:\Users\蒋劼成.LAPTOP-87SV1S3M\.m2\repository\org\hamcrest\hamcrest\2.2\hamcrest-2.2.jar;C:\Users\蒋劼成.LAPTOP-87SV1S3M\.m2\repository\org\junit\jupiter\junit-jupiter\5.8.2\junit-jupiter-5.8.2.jar;C:\Users\蒋劼成.LAPTOP-87SV1S3M\.m2\repository\org\junit\jupiter\junit-jupiter-api\5.8.2\junit-jupiter-api-5.8.2.jar;C:\Users\蒋劼成.LAPTOP-87SV1S3M\.m2\repository\org\opentest4j\opentest4j\1.2.0\opentest4j-1.2.0.jar;C:\Users\蒋劼成.LAPTOP-87SV1S3M\.m2\repository\org\junit\platform\junit-platform-commons\1.8.2\junit-platform-commons-1.8.2.jar;C:\Users\蒋劼成.LAPTOP-87SV1S3M\.m2\repository\org\apiguardian\apiguardian-api\1.1.2\apiguardian-api-1.1.2.jar;C:\Users\蒋劼成.LAPTOP-87SV1S3M\.m2\repository\org\junit\jupiter\junit-jupiter-params\5.8.2\junit-jupiter-params-5.8.2.jar;C:\Users\蒋劼成.LAPTOP-87SV1S3M\.m2\repository\org\junit\jupiter\junit-jupiter-engine\5.8.2\junit-jupiter-engine-5.8.2.jar;C:\Users\蒋劼成.LAPTOP-87SV1S3M\.m2\repository\org\junit\platform\junit-platform-engine\1.8.2\junit-platform-engine-1.8.2.jar;C:\Users\蒋劼成.LAPTOP-87SV1S3M\.m2\repository\org\mockito\mockito-core\4.5.1\mockito-core-4.5.1.jar;C:\Users\蒋劼成.LAPTOP-87SV1S3M\.m2\repository\net\bytebuddy\byte-buddy\1.12.23\byte-buddy-1.12.23.jar;C:\Users\蒋劼成.LAPTOP-87SV1S3M\.m2\repository\net\bytebuddy\byte-buddy-agent\1.12.23\byte-buddy-agent-1.12.23.jar;C:\Users\蒋劼成.LAPTOP-87SV1S3M\.m2\repository\org\objenesis\objenesis\3.2\objenesis-3.2.jar;C:\Users\蒋劼成.LAPTOP-87SV1S3M\.m2\repository\org\mockito\mockito-junit-jupiter\4.5.1\mockito-junit-jupiter-4.5.1.jar;C:\Users\蒋劼成.LAPTOP-87SV1S3M\.m2\repository\org\skyscreamer\jsonassert\1.5.1\jsonassert-1.5.1.jar;C:\Users\蒋劼成.LAPTOP-87SV1S3M\.m2\repository\com\vaadin\external\google\android-json\0.0.20131108.vaadin1\android-json-0.0.20131108.vaadin1.jar;C:\Users\蒋劼成.LAPTOP-87SV1S3M\.m2\repository\org\springframework\spring-test\5.3.28\spring-test-5.3.28.jar;C:\Users\蒋劼成.LAPTOP-87SV1S3M\.m2\repository\org\xmlunit\xmlunit-core\2.9.1\xmlunit-core-2.9.1.jar;C:\Users\蒋劼成.LAPTOP-87SV1S3M\.m2\repository\org\springframework\boot\spring-boot-test\2.7.0\spring-boot-test-2.7.0.jar;C:\Users\蒋劼成.LAPTOP-87SV1S3M\.m2\repository\org\springframework\boot\spring-boot-starter-websocket\2.7.13\spring-boot-starter-websocket-2.7.13.jar;C:\Users\蒋劼成.LAPTOP-87SV1S3M\.m2\repository\org\springframework\spring-messaging\5.3.28\spring-messaging-5.3.28.jar;C:\Users\蒋劼成.LAPTOP-87SV1S3M\.m2\repository\org\springframework\spring-websocket\5.3.28\spring-websocket-5.3.28.jar;C:\Users\蒋劼成.LAPTOP-87SV1S3M\.m2\repository\com\mashape\unirest\unirest-java\1.4.9\unirest-java-1.4.9.jar;C:\Users\蒋劼成.LAPTOP-87SV1S3M\.m2\repository\org\apache\httpcomponents\httpclient\4.5.14\httpclient-4.5.14.jar;C:\Users\蒋劼成.LAPTOP-87SV1S3M\.m2\repository\org\apache\httpcomponents\httpcore\4.4.16\httpcore-4.4.16.jar;C:\Users\蒋劼成.LAPTOP-87SV1S3M\.m2\repository\commons-codec\commons-codec\1.15\commons-codec-1.15.jar;C:\Users\蒋劼成.LAPTOP-87SV1S3M\.m2\repository\org\apache\httpcomponents\httpasyncclient\4.1.5\httpasyncclient-4.1.5.jar;C:\Users\蒋劼成.LAPTOP-87SV1S3M\.m2\repository\org\apache\httpcomponents\httpcore-nio\4.4.16\httpcore-nio-4.4.16.jar;C:\Users\蒋劼成.LAPTOP-87SV1S3M\.m2\repository\org\apache\httpcomponents\httpmime\4.5.14\httpmime-4.5.14.jar;C:\Users\蒋劼成.LAPTOP-87SV1S3M\.m2\repository\org\json\json\20160212\json-20160212.jar;C:\Users\蒋劼成.LAPTOP-87SV1S3M\.m2\repository\com\aliyun\oss\aliyun-sdk-oss\3.15.2\aliyun-sdk-oss-3.15.2.jar;C:\Users\蒋劼成.LAPTOP-87SV1S3M\.m2\repository\org\jdom\jdom2\2.0.6.1\jdom2-2.0.6.1.jar;C:\Users\蒋劼成.LAPTOP-87SV1S3M\.m2\repository\org\codehaus\jettison\jettison\1.1\jettison-1.1.jar;C:\Users\蒋劼成.LAPTOP-87SV1S3M\.m2\repository\stax\stax-api\1.0.1\stax-api-1.0.1.jar;C:\Users\蒋劼成.LAPTOP-87SV1S3M\.m2\repository\com\aliyun\aliyun-java-sdk-core\4.5.10\aliyun-java-sdk-core-4.5.10.jar;C:\Users\蒋劼成.LAPTOP-87SV1S3M\.m2\repository\com\google\code\gson\gson\2.9.1\gson-2.9.1.jar;C:\Users\蒋劼成.LAPTOP-87SV1S3M\.m2\repository\javax\xml\bind\jaxb-api\2.3.1\jaxb-api-2.3.1.jar;C:\Users\蒋劼成.LAPTOP-87SV1S3M\.m2\repository\javax\activation\javax.activation-api\1.2.0\javax.activation-api-1.2.0.jar;C:\Users\蒋劼成.LAPTOP-87SV1S3M\.m2\repository\org\jacoco\org.jacoco.agent\0.8.5\org.jacoco.agent-0.8.5-runtime.jar;C:\Users\蒋劼成.LAPTOP-87SV1S3M\.m2\repository\org\ini4j\ini4j\0.5.4\ini4j-0.5.4.jar;C:\Users\蒋劼成.LAPTOP-87SV1S3M\.m2\repository\io\opentracing\opentracing-api\0.33.0\opentracing-api-0.33.0.jar;C:\Users\蒋劼成.LAPTOP-87SV1S3M\.m2\repository\io\opentracing\opentracing-util\0.33.0\opentracing-util-0.33.0.jar;C:\Users\蒋劼成.LAPTOP-87SV1S3M\.m2\repository\io\opentracing\opentracing-noop\0.33.0\opentracing-noop-0.33.0.jar;C:\Users\蒋劼成.LAPTOP-87SV1S3M\.m2\repository\com\aliyun\aliyun-java-sdk-ram\3.1.0\aliyun-java-sdk-ram-3.1.0.jar;C:\Users\蒋劼成.LAPTOP-87SV1S3M\.m2\repository\com\aliyun\aliyun-java-sdk-kms\2.11.0\aliyun-java-sdk-kms-2.11.0.jar;C:\Users\蒋劼成.LAPTOP-87SV1S3M\.m2\repository\com\fasterxml\jackson\core\jackson-databind\2.12.3\jackson-databind-2.12.3.jar;C:\Users\蒋劼成.LAPTOP-87SV1S3M\.m2\repository\com\fasterxml\jackson\core\jackson-annotations\2.13.5\jackson-annotations-2.13.5.jar;C:\Users\蒋劼成.LAPTOP-87SV1S3M\.m2\repository\com\fasterxml\jackson\core\jackson-core\2.13.5\jackson-core-2.13.5.jar;"/>
    <property name="sun.cpu.endian" value="little"/>
    <property name="user.home" value="C:\Users\蒋劼成.LAPTOP-87SV1S3M"/>
    <property name="user.language" value="zh"/>
    <property name="java.specification.vendor" value="Oracle Corporation"/>
    <property name="java.home" value="E:\JDK\jre"/>
    <property name="basedir" value="C:\Users\蒋劼成.LAPTOP-87SV1S3M\IdeaProjects\hotpotServer"/>
    <property name="file.separator" value="\"/>
    <property name="line.separator" value="&#10;"/>
    <property name="java.vm.specification.vendor" value="Oracle Corporation"/>
    <property name="java.specification.name" value="Java Platform API Specification"/>
    <property name="java.awt.graphicsenv" value="sun.awt.Win32GraphicsEnvironment"/>
    <property name="surefire.real.class.path" value="C:\Windows\TEMP\surefire7225325540003994807\surefirebooter4344059128363101306.jar"/>
    <property name="sun.boot.class.path" value="E:\JDK\jre\lib\resources.jar;E:\JDK\jre\lib\rt.jar;E:\JDK\jre\lib\sunrsasign.jar;E:\JDK\jre\lib\jsse.jar;E:\JDK\jre\lib\jce.jar;E:\JDK\jre\lib\charsets.jar;E:\JDK\jre\lib\jfr.jar;E:\JDK\jre\classes"/>
    <property name="user.script" value=""/>
    <property name="sun.management.compiler" value="HotSpot 64-Bit Tiered Compilers"/>
    <property name="java.runtime.version" value="1.8.0_131-b11"/>
    <property name="user.name" value="蒋劼成"/>
    <property name="path.separator" value=";"/>
    <property name="os.version" value="10.0"/>
    <property name="java.endorsed.dirs" value="E:\JDK\jre\lib\endorsed"/>
    <property name="java.runtime.name" value="Java(TM) SE Runtime Environment"/>
    <property name="file.encoding" value="GBK"/>
    <property name="java.vm.name" value="Java HotSpot(TM) 64-Bit Server VM"/>
    <property name="localRepository" value="C:\Users\蒋劼成.LAPTOP-87SV1S3M\.m2\repository"/>
    <property name="java.vendor.url.bug" value="http://bugreport.sun.com/bugreport/"/>
    <property name="java.io.tmpdir" value="C:\Windows\TEMP\"/>
    <property name="idea.version" value="2023.2"/>
    <property name="java.version" value="1.8.0_131"/>
    <property name="user.dir" value="C:\Users\蒋劼成.LAPTOP-87SV1S3M\IdeaProjects\hotpotServer"/>
    <property name="os.arch" value="amd64"/>
    <property name="java.vm.specification.name" value="Java Virtual Machine Specification"/>
    <property name="java.awt.printerjob" value="sun.awt.windows.WPrinterJob"/>
    <property name="sun.os.patch.level" value=""/>
    <property name="java.library.path" value="E:\JDK\jre\bin;C:\Windows\Sun\Java\bin;C:\Windows\system32;C:\Windows;E:\VM\bin\;C:\ProgramData\Oracle\Java\javapath;C:\Windows\system32;C:\Windows;C:\Windows\System32\Wbem;C:\Windows\System32\WindowsPowerShell\v1.0\;C:\Windows\System32\OpenSSH\;C:\Program Files (x86)\NVIDIA Corporation\PhysX\Common;C:\Program Files\NVIDIA Corporation\NVIDIA NvDLISR;C:\Program Files (x86)\Microsoft SQL Server\100\Tools\Binn\;C:\Program Files\Microsoft SQL Server\100\Tools\Binn\;C:\Program Files\Microsoft SQL Server\100\DTS\Binn\;C:\Strawberry\c\bin;C:\Strawberry\perl\site\bin;C:\Strawberry\perl\bin;e:\quartus\bin;E:\JDK\bin;E:\Git\cmd;C:\Program Files\nodejs\;E:\mysql-8.1.0-winx64\bin;;E:\微信web开发者工具\dll;C:\Users\蒋劼成.LAPTOP-87SV1S3M\AppData\Local\Microsoft\WindowsApps;E:\texlive\2022\bin\win32;C:\Users\蒋劼成.LAPTOP-87SV1S3M\AppData\Local\Programs\Microsoft VS Code\bin;C:\Users\蒋劼成.LAPTOP-87SV1S3M\AppData\Roaming\npm;E:\PyCharm Community Edition 2023.1.3\bin;;E:\IntelliJ IDEA 2023.2\bin;;."/>
    <property name="java.vm.info" value="mixed mode"/>
    <property name="java.vendor" value="Oracle Corporation"/>
    <property name="java.vm.version" value="25.131-b11"/>
    <property name="java.ext.dirs" value="E:\JDK\jre\lib\ext;C:\Windows\Sun\Java\lib\ext"/>
    <property name="sun.io.unicode.encoding" value="UnicodeLittle"/>
    <property name="java.class.version" value="52.0"/>
  </properties>
  <testcase name="contextLoads" classname="com.java.hotpotserver.HotpotServerApplicationTests" time="0.012">
    <error message="Failed to load ApplicationContext" type="java.lang.IllegalStateException">java.lang.IllegalStateException: Failed to load ApplicationContext
Caused by: org.springframework.beans.factory.BeanCreationException: Error creating bean with name 'serverEndpointExporter' defined in class path resource [com/java/hotpotserver/config/WebSocketConfig.class]: Invocation of init method failed; nested exception is java.lang.IllegalStateException: javax.websocket.server.ServerContainer not available
Caused by: java.lang.IllegalStateException: javax.websocket.server.ServerContainer not available
</error>
    <system-out><![CDATA[01:09:39.735 [main] INFO  o.s.b.t.c.SpringBootTestContextBootstrapper -Neither @ContextConfiguration nor @ContextHierarchy found for test class [com.java.hotpotserver.HotpotServerApplicationTests], using SpringBootContextLoader
01:09:39.742 [main] INFO  o.s.t.c.s.AbstractContextLoader -Could not detect default resource locations for test class [com.java.hotpotserver.HotpotServerApplicationTests]: no resource found for suffixes {-context.xml, Context.groovy}.
01:09:39.743 [main] INFO  o.s.t.c.s.AnnotationConfigContextLoaderUtils -Could not detect default configuration classes for test class [com.java.hotpotserver.HotpotServerApplicationTests]: HotpotServerApplicationTests does not declare any static, non-private, non-final, nested classes annotated with @Configuration.
01:09:39.875 [main] INFO  o.s.b.t.c.SpringBootTestContextBootstrapper -Found @SpringBootConfiguration com.java.hotpotserver.HotpotServerApplication for test class com.java.hotpotserver.HotpotServerApplicationTests
01:09:39.969 [main] INFO  o.s.b.t.c.SpringBootTestContextBootstrapper -Loaded default TestExecutionListener class names from location [META-INF/spring.factories]: [org.springframework.boot.test.autoconfigure.restdocs.RestDocsTestExecutionListener, org.springframework.boot.test.autoconfigure.web.client.MockRestServiceServerResetTestExecutionListener, org.springframework.boot.test.autoconfigure.web.servlet.MockMvcPrintOnlyOnFailureTestExecutionListener, org.springframework.boot.test.autoconfigure.web.servlet.WebDriverTestExecutionListener, org.springframework.boot.test.autoconfigure.webservices.client.MockWebServiceServerTestExecutionListener, org.springframework.test.context.web.ServletTestExecutionListener, org.springframework.test.context.support.DirtiesContextBeforeModesTestExecutionListener, org.springframework.test.context.event.ApplicationEventsTestExecutionListener, org.springframework.test.context.support.DependencyInjectionTestExecutionListener, org.springframework.test.context.support.DirtiesContextTestExecutionListener, org.springframework.test.context.transaction.TransactionalTestExecutionListener, org.springframework.test.context.jdbc.SqlScriptsTestExecutionListener, org.springframework.test.context.event.EventPublishingTestExecutionListener, org.springframework.boot.test.mock.mockito.MockitoTestExecutionListener, org.springframework.boot.test.mock.mockito.ResetMocksTestExecutionListener]
01:09:39.991 [main] INFO  o.s.b.t.c.SpringBootTestContextBootstrapper -Using TestExecutionListeners: [org.springframework.test.context.web.ServletTestExecutionListener@4a00d9cf, org.springframework.test.context.support.DirtiesContextBeforeModesTestExecutionListener@6736fa8d, org.springframework.test.context.event.ApplicationEventsTestExecutionListener@52815fa3, org.springframework.boot.test.mock.mockito.MockitoTestExecutionListener@50313382, org.springframework.boot.test.autoconfigure.SpringBootDependencyInjectionTestExecutionListener@1cb346ea, org.springframework.test.context.support.DirtiesContextTestExecutionListener@4c012563, org.springframework.test.context.transaction.TransactionalTestExecutionListener@14a50707, org.springframework.test.context.jdbc.SqlScriptsTestExecutionListener@4d518b32, org.springframework.test.context.event.EventPublishingTestExecutionListener@4bd31064, org.springframework.boot.test.autoconfigure.restdocs.RestDocsTestExecutionListener@e3c0e40, org.springframework.boot.test.autoconfigure.web.client.MockRestServiceServerResetTestExecutionListener@329dbdbf, org.springframework.boot.test.autoconfigure.web.servlet.MockMvcPrintOnlyOnFailureTestExecutionListener@7354b8c5, org.springframework.boot.test.autoconfigure.web.servlet.WebDriverTestExecutionListener@20d7d6fb, org.springframework.boot.test.autoconfigure.webservices.client.MockWebServiceServerTestExecutionListener@4ef782af, org.springframework.boot.test.mock.mockito.ResetMocksTestExecutionListener@11d8ae8b]

  .   ____          _            __ _ _
 /\\ / ___'_ __ _ _(_)_ __  __ _ \ \ \ \
( ( )\___ | '_ | '_| | '_ \/ _` | \ \ \ \
 \\/  ___)| |_)| | | | | || (_| |  ) ) ) )
  '  |____| .__|_| |_|_| |_\__, | / / / /
 =========|_|==============|___/=/_/_/_/
 :: Spring Boot ::               (v2.7.13)

01:09:40.373 [main] WARN  o.s.b.t.j.DuplicateJsonObjectContextCustomizerFactory$DuplicateJsonObjectContextCustomizer -

Found multiple occurrences of org.json.JSONObject on the class path:

	jar:file:/C:/Users/%E8%92%8B%E5%8A%BC%E6%88%90.LAPTOP-87SV1S3M/.m2/repository/com/vaadin/external/google/android-json/0.0.20131108.vaadin1/android-json-0.0.20131108.vaadin1.jar!/org/json/JSONObject.class
	jar:file:/C:/Users/%E8%92%8B%E5%8A%BC%E6%88%90.LAPTOP-87SV1S3M/.m2/repository/org/json/json/20160212/json-20160212.jar!/org/json/JSONObject.class

You may wish to exclude one of them to ensure predictable runtime behavior

01:09:40.388 [main] INFO  c.j.h.HotpotServerApplicationTests -Starting HotpotServerApplicationTests using Java 1.8.0_131 on LAPTOP-87SV1S3M with PID 24096 (started by 蒋劼成 in C:\Users\蒋劼成.LAPTOP-87SV1S3M\IdeaProjects\hotpotServer)
01:09:40.389 [main] INFO  c.j.h.HotpotServerApplicationTests -No active profile set, falling back to 1 default profile: "default"
01:09:41.279 [main] WARN  o.m.s.mapper.ClassPathMapperScanner -Skipping MapperFactoryBean with name 'announcementMapper' and 'com.java.hotpotserver.mapper.AnnouncementMapper' mapperInterface. Bean already defined with the same name!
01:09:41.279 [main] WARN  o.m.s.mapper.ClassPathMapperScanner -Skipping MapperFactoryBean with name 'customerMapper' and 'com.java.hotpotserver.mapper.CustomerMapper' mapperInterface. Bean already defined with the same name!
01:09:41.279 [main] WARN  o.m.s.mapper.ClassPathMapperScanner -Skipping MapperFactoryBean with name 'employeeMapper' and 'com.java.hotpotserver.mapper.EmployeeMapper' mapperInterface. Bean already defined with the same name!
01:09:41.279 [main] WARN  o.m.s.mapper.ClassPathMapperScanner -Skipping MapperFactoryBean with name 'finishedorderMapper' and 'com.java.hotpotserver.mapper.FinishedorderMapper' mapperInterface. Bean already defined with the same name!
01:09:41.279 [main] WARN  o.m.s.mapper.ClassPathMapperScanner -Skipping MapperFactoryBean with name 'foodMapper' and 'com.java.hotpotserver.mapper.FoodMapper' mapperInterface. Bean already defined with the same name!
01:09:41.279 [main] WARN  o.m.s.mapper.ClassPathMapperScanner -Skipping MapperFactoryBean with name 'itemsMapper' and 'com.java.hotpotserver.mapper.ItemsMapper' mapperInterface. Bean already defined with the same name!
01:09:41.279 [main] WARN  o.m.s.mapper.ClassPathMapperScanner -Skipping MapperFactoryBean with name 'ordersMapper' and 'com.java.hotpotserver.mapper.OrdersMapper' mapperInterface. Bean already defined with the same name!
01:09:41.279 [main] WARN  o.m.s.mapper.ClassPathMapperScanner -Skipping MapperFactoryBean with name 'scheduleMapper' and 'com.java.hotpotserver.mapper.ScheduleMapper' mapperInterface. Bean already defined with the same name!
01:09:41.279 [main] WARN  o.m.s.mapper.ClassPathMapperScanner -Skipping MapperFactoryBean with name 'tablesMapper' and 'com.java.hotpotserver.mapper.TablesMapper' mapperInterface. Bean already defined with the same name!
01:09:41.279 [main] WARN  o.m.s.mapper.ClassPathMapperScanner -Skipping MapperFactoryBean with name 'waitinglistMapper' and 'com.java.hotpotserver.mapper.WaitinglistMapper' mapperInterface. Bean already defined with the same name!
01:09:41.279 [main] WARN  o.m.s.mapper.ClassPathMapperScanner -Skipping MapperFactoryBean with name 'wishlistMapper' and 'com.java.hotpotserver.mapper.WishlistMapper' mapperInterface. Bean already defined with the same name!
01:09:41.280 [main] WARN  o.m.s.mapper.ClassPathMapperScanner -No MyBatis mapper was found in '[com.java.hotpotserver.mapper]' package. Please check your configuration.
Logging initialized using 'class org.apache.ibatis.logging.stdout.StdOutImpl' adapter.
01:09:41.777 [main] INFO  c.a.d.s.b.a.DruidDataSourceAutoConfigure -Init DruidDataSource
01:09:42.163 [main] INFO  c.alibaba.druid.pool.DruidDataSource -{dataSource-1} inited
Registered plugin: 'AbstractSqlParserHandler(sqlParserList=null, sqlParserFilter=null)'
Parsed mapper file: 'file [C:\Users\蒋劼成.LAPTOP-87SV1S3M\IdeaProjects\hotpotServer\target\classes\mapper\admin\AnnouncementMapper.xml]'
Parsed mapper file: 'file [C:\Users\蒋劼成.LAPTOP-87SV1S3M\IdeaProjects\hotpotServer\target\classes\mapper\admin\CustomerMapper.xml]'
Parsed mapper file: 'file [C:\Users\蒋劼成.LAPTOP-87SV1S3M\IdeaProjects\hotpotServer\target\classes\mapper\admin\EmployeeMapper.xml]'
Parsed mapper file: 'file [C:\Users\蒋劼成.LAPTOP-87SV1S3M\IdeaProjects\hotpotServer\target\classes\mapper\admin\FinishedorderMapper.xml]'
Parsed mapper file: 'file [C:\Users\蒋劼成.LAPTOP-87SV1S3M\IdeaProjects\hotpotServer\target\classes\mapper\admin\FoodMapper.xml]'
Parsed mapper file: 'file [C:\Users\蒋劼成.LAPTOP-87SV1S3M\IdeaProjects\hotpotServer\target\classes\mapper\admin\ItemsMapper.xml]'
Parsed mapper file: 'file [C:\Users\蒋劼成.LAPTOP-87SV1S3M\IdeaProjects\hotpotServer\target\classes\mapper\admin\ScheduleMapper.xml]'
Parsed mapper file: 'file [C:\Users\蒋劼成.LAPTOP-87SV1S3M\IdeaProjects\hotpotServer\target\classes\mapper\admin\WishlistMapper.xml]'
Parsed mapper file: 'file [C:\Users\蒋劼成.LAPTOP-87SV1S3M\IdeaProjects\hotpotServer\target\classes\mapper\cook\AnnouncementMapper.xml]'
Parsed mapper file: 'file [C:\Users\蒋劼成.LAPTOP-87SV1S3M\IdeaProjects\hotpotServer\target\classes\mapper\cook\EmployeeMapper.xml]'
Parsed mapper file: 'file [C:\Users\蒋劼成.LAPTOP-87SV1S3M\IdeaProjects\hotpotServer\target\classes\mapper\cook\FoodMapper.xml]'
Parsed mapper file: 'file [C:\Users\蒋劼成.LAPTOP-87SV1S3M\IdeaProjects\hotpotServer\target\classes\mapper\cook\ItemsMapper.xml]'
Parsed mapper file: 'file [C:\Users\蒋劼成.LAPTOP-87SV1S3M\IdeaProjects\hotpotServer\target\classes\mapper\cook\OrderMapper.xml]'
Parsed mapper file: 'file [C:\Users\蒋劼成.LAPTOP-87SV1S3M\IdeaProjects\hotpotServer\target\classes\mapper\cook\ScheduleMapper.xml]'
Parsed mapper file: 'file [C:\Users\蒋劼成.LAPTOP-87SV1S3M\IdeaProjects\hotpotServer\target\classes\mapper\customer\CustomerMapper.xml]'
Parsed mapper file: 'file [C:\Users\蒋劼成.LAPTOP-87SV1S3M\IdeaProjects\hotpotServer\target\classes\mapper\customer\FinishedorderMapper.xml]'
Parsed mapper file: 'file [C:\Users\蒋劼成.LAPTOP-87SV1S3M\IdeaProjects\hotpotServer\target\classes\mapper\customer\FoodMapper.xml]'
Parsed mapper file: 'file [C:\Users\蒋劼成.LAPTOP-87SV1S3M\IdeaProjects\hotpotServer\target\classes\mapper\customer\ItemsMapper.xml]'
Parsed mapper file: 'file [C:\Users\蒋劼成.LAPTOP-87SV1S3M\IdeaProjects\hotpotServer\target\classes\mapper\customer\OrderMapper.xml]'
Parsed mapper file: 'file [C:\Users\蒋劼成.LAPTOP-87SV1S3M\IdeaProjects\hotpotServer\target\classes\mapper\customer\WishlistMapper.xml]'
Parsed mapper file: 'file [C:\Users\蒋劼成.LAPTOP-87SV1S3M\IdeaProjects\hotpotServer\target\classes\mapper\waiter\AnnouncementMapper.xml]'
Parsed mapper file: 'file [C:\Users\蒋劼成.LAPTOP-87SV1S3M\IdeaProjects\hotpotServer\target\classes\mapper\waiter\EmployeeMapper.xml]'
Parsed mapper file: 'file [C:\Users\蒋劼成.LAPTOP-87SV1S3M\IdeaProjects\hotpotServer\target\classes\mapper\waiter\FoodMapper.xml]'
Parsed mapper file: 'file [C:\Users\蒋劼成.LAPTOP-87SV1S3M\IdeaProjects\hotpotServer\target\classes\mapper\waiter\ItemsMapper.xml]'
Parsed mapper file: 'file [C:\Users\蒋劼成.LAPTOP-87SV1S3M\IdeaProjects\hotpotServer\target\classes\mapper\waiter\OrderMapper.xml]'
 _ _   |_  _ _|_. ___ _ |    _ 
| | |\/|_)(_| | |_\  |_)||_|_\ 
     /               |         
                        3.3.0 
01:09:43.985 [main] WARN  o.s.w.c.s.GenericWebApplicationContext -Exception encountered during context initialization - cancelling refresh attempt: org.springframework.beans.factory.BeanCreationException: Error creating bean with name 'serverEndpointExporter' defined in class path resource [com/java/hotpotserver/config/WebSocketConfig.class]: Invocation of init method failed; nested exception is java.lang.IllegalStateException: javax.websocket.server.ServerContainer not available
01:09:43.987 [main] INFO  c.alibaba.druid.pool.DruidDataSource -{dataSource-1} closing ...
01:09:43.995 [main] INFO  c.alibaba.druid.pool.DruidDataSource -{dataSource-1} closed
01:09:44.005 [main] INFO  o.s.b.a.l.ConditionEvaluationReportLoggingListener -

Error starting ApplicationContext. To display the conditions report re-run your application with 'debug' enabled.
01:09:44.045 [main] ERROR o.s.boot.SpringApplication -Application run failed
org.springframework.beans.factory.BeanCreationException: Error creating bean with name 'serverEndpointExporter' defined in class path resource [com/java/hotpotserver/config/WebSocketConfig.class]: Invocation of init method failed; nested exception is java.lang.IllegalStateException: javax.websocket.server.ServerContainer not available
	at org.springframework.beans.factory.support.AbstractAutowireCapableBeanFactory.initializeBean(AbstractAutowireCapableBeanFactory.java:1804)
	at org.springframework.beans.factory.support.AbstractAutowireCapableBeanFactory.doCreateBean(AbstractAutowireCapableBeanFactory.java:620)
	at org.springframework.beans.factory.support.AbstractAutowireCapableBeanFactory.createBean(AbstractAutowireCapableBeanFactory.java:542)
	at org.springframework.beans.factory.support.AbstractBeanFactory.lambda$doGetBean$0(AbstractBeanFactory.java:335)
	at org.springframework.beans.factory.support.DefaultSingletonBeanRegistry.getSingleton(DefaultSingletonBeanRegistry.java:234)
	at org.springframework.beans.factory.support.AbstractBeanFactory.doGetBean(AbstractBeanFactory.java:333)
	at org.springframework.beans.factory.support.AbstractBeanFactory.getBean(AbstractBeanFactory.java:208)
	at org.springframework.beans.factory.support.DefaultListableBeanFactory.preInstantiateSingletons(DefaultListableBeanFactory.java:955)
	at org.springframework.context.support.AbstractApplicationContext.finishBeanFactoryInitialization(AbstractApplicationContext.java:920)
	at org.springframework.context.support.AbstractApplicationContext.refresh(AbstractApplicationContext.java:583)
	at org.springframework.boot.SpringApplication.refresh(SpringApplication.java:731)
	at org.springframework.boot.SpringApplication.refreshContext(SpringApplication.java:408)
	at org.springframework.boot.SpringApplication.run(SpringApplication.java:307)
	at org.springframework.boot.test.context.SpringBootContextLoader.loadContext(SpringBootContextLoader.java:132)
	at org.springframework.test.context.cache.DefaultCacheAwareContextLoaderDelegate.loadContextInternal(DefaultCacheAwareContextLoaderDelegate.java:141)
	at org.springframework.test.context.cache.DefaultCacheAwareContextLoaderDelegate.loadContext(DefaultCacheAwareContextLoaderDelegate.java:90)
	at org.springframework.test.context.support.DefaultTestContext.getApplicationContext(DefaultTestContext.java:124)
	at org.springframework.test.context.web.ServletTestExecutionListener.setUpRequestContextIfNecessary(ServletTestExecutionListener.java:190)
	at org.springframework.test.context.web.ServletTestExecutionListener.prepareTestInstance(ServletTestExecutionListener.java:132)
	at org.springframework.test.context.TestContextManager.prepareTestInstance(TestContextManager.java:248)
	at org.springframework.test.context.junit.jupiter.SpringExtension.postProcessTestInstance(SpringExtension.java:138)
	at org.junit.jupiter.engine.descriptor.ClassBasedTestDescriptor.lambda$invokeTestInstancePostProcessors$8(ClassBasedTestDescriptor.java:363)
	at org.junit.jupiter.engine.descriptor.ClassBasedTestDescriptor.executeAndMaskThrowable(ClassBasedTestDescriptor.java:368)
	at org.junit.jupiter.engine.descriptor.ClassBasedTestDescriptor.lambda$invokeTestInstancePostProcessors$9(ClassBasedTestDescriptor.java:363)
	at java.util.stream.ReferencePipeline$3$1.accept(ReferencePipeline.java:193)
	at java.util.stream.ReferencePipeline$2$1.accept(ReferencePipeline.java:175)
	at java.util.ArrayList$ArrayListSpliterator.forEachRemaining(ArrayList.java:1374)
	at java.util.stream.AbstractPipeline.copyInto(AbstractPipeline.java:481)
	at java.util.stream.AbstractPipeline.wrapAndCopyInto(AbstractPipeline.java:471)
	at java.util.stream.StreamSpliterators$WrappingSpliterator.forEachRemaining(StreamSpliterators.java:312)
	at java.util.stream.Streams$ConcatSpliterator.forEachRemaining(Streams.java:743)
	at java.util.stream.Streams$ConcatSpliterator.forEachRemaining(Streams.java:742)
	at java.util.stream.ReferencePipeline$Head.forEach(ReferencePipeline.java:580)
	at org.junit.jupiter.engine.descriptor.ClassBasedTestDescriptor.invokeTestInstancePostProcessors(ClassBasedTestDescriptor.java:362)
	at org.junit.jupiter.engine.descriptor.ClassBasedTestDescriptor.lambda$instantiateAndPostProcessTestInstance$6(ClassBasedTestDescriptor.java:283)
	at org.junit.platform.engine.support.hierarchical.ThrowableCollector.execute(ThrowableCollector.java:73)
	at org.junit.jupiter.engine.descriptor.ClassBasedTestDescriptor.instantiateAndPostProcessTestInstance(ClassBasedTestDescriptor.java:282)
	at org.junit.jupiter.engine.descriptor.ClassBasedTestDescriptor.lambda$testInstancesProvider$4(ClassBasedTestDescriptor.java:272)
	at java.util.Optional.orElseGet(Optional.java:267)
	at org.junit.jupiter.engine.descriptor.ClassBasedTestDescriptor.lambda$testInstancesProvider$5(ClassBasedTestDescriptor.java:271)
	at org.junit.jupiter.engine.execution.TestInstancesProvider.getTestInstances(TestInstancesProvider.java:31)
	at org.junit.jupiter.engine.descriptor.TestMethodTestDescriptor.lambda$prepare$0(TestMethodTestDescriptor.java:102)
	at org.junit.platform.engine.support.hierarchical.ThrowableCollector.execute(ThrowableCollector.java:73)
	at org.junit.jupiter.engine.descriptor.TestMethodTestDescriptor.prepare(TestMethodTestDescriptor.java:101)
	at org.junit.jupiter.engine.descriptor.TestMethodTestDescriptor.prepare(TestMethodTestDescriptor.java:66)
	at org.junit.platform.engine.support.hierarchical.NodeTestTask.lambda$prepare$2(NodeTestTask.java:123)
	at org.junit.platform.engine.support.hierarchical.ThrowableCollector.execute(ThrowableCollector.java:73)
	at org.junit.platform.engine.support.hierarchical.NodeTestTask.prepare(NodeTestTask.java:123)
	at org.junit.platform.engine.support.hierarchical.NodeTestTask.execute(NodeTestTask.java:90)
	at java.util.ArrayList.forEach(ArrayList.java:1249)
	at org.junit.platform.engine.support.hierarchical.SameThreadHierarchicalTestExecutorService.invokeAll(SameThreadHierarchicalTestExecutorService.java:41)
	at org.junit.platform.engine.support.hierarchical.NodeTestTask.lambda$executeRecursively$6(NodeTestTask.java:155)
	at org.junit.platform.engine.support.hierarchical.ThrowableCollector.execute(ThrowableCollector.java:73)
	at org.junit.platform.engine.support.hierarchical.NodeTestTask.lambda$executeRecursively$8(NodeTestTask.java:141)
	at org.junit.platform.engine.support.hierarchical.Node.around(Node.java:137)
	at org.junit.platform.engine.support.hierarchical.NodeTestTask.lambda$executeRecursively$9(NodeTestTask.java:139)
	at org.junit.platform.engine.support.hierarchical.ThrowableCollector.execute(ThrowableCollector.java:73)
	at org.junit.platform.engine.support.hierarchical.NodeTestTask.executeRecursively(NodeTestTask.java:138)
	at org.junit.platform.engine.support.hierarchical.NodeTestTask.execute(NodeTestTask.java:95)
	at java.util.ArrayList.forEach(ArrayList.java:1249)
	at org.junit.platform.engine.support.hierarchical.SameThreadHierarchicalTestExecutorService.invokeAll(SameThreadHierarchicalTestExecutorService.java:41)
	at org.junit.platform.engine.support.hierarchical.NodeTestTask.lambda$executeRecursively$6(NodeTestTask.java:155)
	at org.junit.platform.engine.support.hierarchical.ThrowableCollector.execute(ThrowableCollector.java:73)
	at org.junit.platform.engine.support.hierarchical.NodeTestTask.lambda$executeRecursively$8(NodeTestTask.java:141)
	at org.junit.platform.engine.support.hierarchical.Node.around(Node.java:137)
	at org.junit.platform.engine.support.hierarchical.NodeTestTask.lambda$executeRecursively$9(NodeTestTask.java:139)
	at org.junit.platform.engine.support.hierarchical.ThrowableCollector.execute(ThrowableCollector.java:73)
	at org.junit.platform.engine.support.hierarchical.NodeTestTask.executeRecursively(NodeTestTask.java:138)
	at org.junit.platform.engine.support.hierarchical.NodeTestTask.execute(NodeTestTask.java:95)
	at org.junit.platform.engine.support.hierarchical.SameThreadHierarchicalTestExecutorService.submit(SameThreadHierarchicalTestExecutorService.java:35)
	at org.junit.platform.engine.support.hierarchical.HierarchicalTestExecutor.execute(HierarchicalTestExecutor.java:57)
	at org.junit.platform.engine.support.hierarchical.HierarchicalTestEngine.execute(HierarchicalTestEngine.java:54)
	at org.junit.platform.launcher.core.DefaultLauncher.execute(DefaultLauncher.java:220)
	at org.junit.platform.launcher.core.DefaultLauncher.lambda$execute$6(DefaultLauncher.java:188)
	at org.junit.platform.launcher.core.DefaultLauncher.withInterceptedStreams(DefaultLauncher.java:202)
	at org.junit.platform.launcher.core.DefaultLauncher.execute(DefaultLauncher.java:181)
	at org.junit.platform.launcher.core.DefaultLauncher.execute(DefaultLauncher.java:128)
	at org.apache.maven.surefire.junitplatform.JUnitPlatformProvider.invokeAllTests(JUnitPlatformProvider.java:150)
	at org.apache.maven.surefire.junitplatform.JUnitPlatformProvider.invoke(JUnitPlatformProvider.java:124)
	at org.apache.maven.surefire.booter.ForkedBooter.invokeProviderInSameClassLoader(ForkedBooter.java:384)
	at org.apache.maven.surefire.booter.ForkedBooter.runSuitesInProcess(ForkedBooter.java:345)
	at org.apache.maven.surefire.booter.ForkedBooter.execute(ForkedBooter.java:126)
	at org.apache.maven.surefire.booter.ForkedBooter.main(ForkedBooter.java:418)
Caused by: java.lang.IllegalStateException: javax.websocket.server.ServerContainer not available
	at org.springframework.util.Assert.state(Assert.java:76)
	at org.springframework.web.socket.server.standard.ServerEndpointExporter.afterPropertiesSet(ServerEndpointExporter.java:107)
	at org.springframework.beans.factory.support.AbstractAutowireCapableBeanFactory.invokeInitMethods(AbstractAutowireCapableBeanFactory.java:1863)
	at org.springframework.beans.factory.support.AbstractAutowireCapableBeanFactory.initializeBean(AbstractAutowireCapableBeanFactory.java:1800)
	... 82 common frames omitted
01:09:44.048 [main] ERROR o.s.test.context.TestContextManager -Caught exception while allowing TestExecutionListener [org.springframework.test.context.web.ServletTestExecutionListener@4a00d9cf] to prepare test instance [com.java.hotpotserver.HotpotServerApplicationTests@7ab1127c]
java.lang.IllegalStateException: Failed to load ApplicationContext
	at org.springframework.test.context.cache.DefaultCacheAwareContextLoaderDelegate.loadContext(DefaultCacheAwareContextLoaderDelegate.java:98)
	at org.springframework.test.context.support.DefaultTestContext.getApplicationContext(DefaultTestContext.java:124)
	at org.springframework.test.context.web.ServletTestExecutionListener.setUpRequestContextIfNecessary(ServletTestExecutionListener.java:190)
	at org.springframework.test.context.web.ServletTestExecutionListener.prepareTestInstance(ServletTestExecutionListener.java:132)
	at org.springframework.test.context.TestContextManager.prepareTestInstance(TestContextManager.java:248)
	at org.springframework.test.context.junit.jupiter.SpringExtension.postProcessTestInstance(SpringExtension.java:138)
	at org.junit.jupiter.engine.descriptor.ClassBasedTestDescriptor.lambda$invokeTestInstancePostProcessors$8(ClassBasedTestDescriptor.java:363)
	at org.junit.jupiter.engine.descriptor.ClassBasedTestDescriptor.executeAndMaskThrowable(ClassBasedTestDescriptor.java:368)
	at org.junit.jupiter.engine.descriptor.ClassBasedTestDescriptor.lambda$invokeTestInstancePostProcessors$9(ClassBasedTestDescriptor.java:363)
	at java.util.stream.ReferencePipeline$3$1.accept(ReferencePipeline.java:193)
	at java.util.stream.ReferencePipeline$2$1.accept(ReferencePipeline.java:175)
	at java.util.ArrayList$ArrayListSpliterator.forEachRemaining(ArrayList.java:1374)
	at java.util.stream.AbstractPipeline.copyInto(AbstractPipeline.java:481)
	at java.util.stream.AbstractPipeline.wrapAndCopyInto(AbstractPipeline.java:471)
	at java.util.stream.StreamSpliterators$WrappingSpliterator.forEachRemaining(StreamSpliterators.java:312)
	at java.util.stream.Streams$ConcatSpliterator.forEachRemaining(Streams.java:743)
	at java.util.stream.Streams$ConcatSpliterator.forEachRemaining(Streams.java:742)
	at java.util.stream.ReferencePipeline$Head.forEach(ReferencePipeline.java:580)
	at org.junit.jupiter.engine.descriptor.ClassBasedTestDescriptor.invokeTestInstancePostProcessors(ClassBasedTestDescriptor.java:362)
	at org.junit.jupiter.engine.descriptor.ClassBasedTestDescriptor.lambda$instantiateAndPostProcessTestInstance$6(ClassBasedTestDescriptor.java:283)
	at org.junit.platform.engine.support.hierarchical.ThrowableCollector.execute(ThrowableCollector.java:73)
	at org.junit.jupiter.engine.descriptor.ClassBasedTestDescriptor.instantiateAndPostProcessTestInstance(ClassBasedTestDescriptor.java:282)
	at org.junit.jupiter.engine.descriptor.ClassBasedTestDescriptor.lambda$testInstancesProvider$4(ClassBasedTestDescriptor.java:272)
	at java.util.Optional.orElseGet(Optional.java:267)
	at org.junit.jupiter.engine.descriptor.ClassBasedTestDescriptor.lambda$testInstancesProvider$5(ClassBasedTestDescriptor.java:271)
	at org.junit.jupiter.engine.execution.TestInstancesProvider.getTestInstances(TestInstancesProvider.java:31)
	at org.junit.jupiter.engine.descriptor.TestMethodTestDescriptor.lambda$prepare$0(TestMethodTestDescriptor.java:102)
	at org.junit.platform.engine.support.hierarchical.ThrowableCollector.execute(ThrowableCollector.java:73)
	at org.junit.jupiter.engine.descriptor.TestMethodTestDescriptor.prepare(TestMethodTestDescriptor.java:101)
	at org.junit.jupiter.engine.descriptor.TestMethodTestDescriptor.prepare(TestMethodTestDescriptor.java:66)
	at org.junit.platform.engine.support.hierarchical.NodeTestTask.lambda$prepare$2(NodeTestTask.java:123)
	at org.junit.platform.engine.support.hierarchical.ThrowableCollector.execute(ThrowableCollector.java:73)
	at org.junit.platform.engine.support.hierarchical.NodeTestTask.prepare(NodeTestTask.java:123)
	at org.junit.platform.engine.support.hierarchical.NodeTestTask.execute(NodeTestTask.java:90)
	at java.util.ArrayList.forEach(ArrayList.java:1249)
	at org.junit.platform.engine.support.hierarchical.SameThreadHierarchicalTestExecutorService.invokeAll(SameThreadHierarchicalTestExecutorService.java:41)
	at org.junit.platform.engine.support.hierarchical.NodeTestTask.lambda$executeRecursively$6(NodeTestTask.java:155)
	at org.junit.platform.engine.support.hierarchical.ThrowableCollector.execute(ThrowableCollector.java:73)
	at org.junit.platform.engine.support.hierarchical.NodeTestTask.lambda$executeRecursively$8(NodeTestTask.java:141)
	at org.junit.platform.engine.support.hierarchical.Node.around(Node.java:137)
	at org.junit.platform.engine.support.hierarchical.NodeTestTask.lambda$executeRecursively$9(NodeTestTask.java:139)
	at org.junit.platform.engine.support.hierarchical.ThrowableCollector.execute(ThrowableCollector.java:73)
	at org.junit.platform.engine.support.hierarchical.NodeTestTask.executeRecursively(NodeTestTask.java:138)
	at org.junit.platform.engine.support.hierarchical.NodeTestTask.execute(NodeTestTask.java:95)
	at java.util.ArrayList.forEach(ArrayList.java:1249)
	at org.junit.platform.engine.support.hierarchical.SameThreadHierarchicalTestExecutorService.invokeAll(SameThreadHierarchicalTestExecutorService.java:41)
	at org.junit.platform.engine.support.hierarchical.NodeTestTask.lambda$executeRecursively$6(NodeTestTask.java:155)
	at org.junit.platform.engine.support.hierarchical.ThrowableCollector.execute(ThrowableCollector.java:73)
	at org.junit.platform.engine.support.hierarchical.NodeTestTask.lambda$executeRecursively$8(NodeTestTask.java:141)
	at org.junit.platform.engine.support.hierarchical.Node.around(Node.java:137)
	at org.junit.platform.engine.support.hierarchical.NodeTestTask.lambda$executeRecursively$9(NodeTestTask.java:139)
	at org.junit.platform.engine.support.hierarchical.ThrowableCollector.execute(ThrowableCollector.java:73)
	at org.junit.platform.engine.support.hierarchical.NodeTestTask.executeRecursively(NodeTestTask.java:138)
	at org.junit.platform.engine.support.hierarchical.NodeTestTask.execute(NodeTestTask.java:95)
	at org.junit.platform.engine.support.hierarchical.SameThreadHierarchicalTestExecutorService.submit(SameThreadHierarchicalTestExecutorService.java:35)
	at org.junit.platform.engine.support.hierarchical.HierarchicalTestExecutor.execute(HierarchicalTestExecutor.java:57)
	at org.junit.platform.engine.support.hierarchical.HierarchicalTestEngine.execute(HierarchicalTestEngine.java:54)
	at org.junit.platform.launcher.core.DefaultLauncher.execute(DefaultLauncher.java:220)
	at org.junit.platform.launcher.core.DefaultLauncher.lambda$execute$6(DefaultLauncher.java:188)
	at org.junit.platform.launcher.core.DefaultLauncher.withInterceptedStreams(DefaultLauncher.java:202)
	at org.junit.platform.launcher.core.DefaultLauncher.execute(DefaultLauncher.java:181)
	at org.junit.platform.launcher.core.DefaultLauncher.execute(DefaultLauncher.java:128)
	at org.apache.maven.surefire.junitplatform.JUnitPlatformProvider.invokeAllTests(JUnitPlatformProvider.java:150)
	at org.apache.maven.surefire.junitplatform.JUnitPlatformProvider.invoke(JUnitPlatformProvider.java:124)
	at org.apache.maven.surefire.booter.ForkedBooter.invokeProviderInSameClassLoader(ForkedBooter.java:384)
	at org.apache.maven.surefire.booter.ForkedBooter.runSuitesInProcess(ForkedBooter.java:345)
	at org.apache.maven.surefire.booter.ForkedBooter.execute(ForkedBooter.java:126)
	at org.apache.maven.surefire.booter.ForkedBooter.main(ForkedBooter.java:418)
Caused by: org.springframework.beans.factory.BeanCreationException: Error creating bean with name 'serverEndpointExporter' defined in class path resource [com/java/hotpotserver/config/WebSocketConfig.class]: Invocation of init method failed; nested exception is java.lang.IllegalStateException: javax.websocket.server.ServerContainer not available
	at org.springframework.beans.factory.support.AbstractAutowireCapableBeanFactory.initializeBean(AbstractAutowireCapableBeanFactory.java:1804)
	at org.springframework.beans.factory.support.AbstractAutowireCapableBeanFactory.doCreateBean(AbstractAutowireCapableBeanFactory.java:620)
	at org.springframework.beans.factory.support.AbstractAutowireCapableBeanFactory.createBean(AbstractAutowireCapableBeanFactory.java:542)
	at org.springframework.beans.factory.support.AbstractBeanFactory.lambda$doGetBean$0(AbstractBeanFactory.java:335)
	at org.springframework.beans.factory.support.DefaultSingletonBeanRegistry.getSingleton(DefaultSingletonBeanRegistry.java:234)
	at org.springframework.beans.factory.support.AbstractBeanFactory.doGetBean(AbstractBeanFactory.java:333)
	at org.springframework.beans.factory.support.AbstractBeanFactory.getBean(AbstractBeanFactory.java:208)
	at org.springframework.beans.factory.support.DefaultListableBeanFactory.preInstantiateSingletons(DefaultListableBeanFactory.java:955)
	at org.springframework.context.support.AbstractApplicationContext.finishBeanFactoryInitialization(AbstractApplicationContext.java:920)
	at org.springframework.context.support.AbstractApplicationContext.refresh(AbstractApplicationContext.java:583)
	at org.springframework.boot.SpringApplication.refresh(SpringApplication.java:731)
	at org.springframework.boot.SpringApplication.refreshContext(SpringApplication.java:408)
	at org.springframework.boot.SpringApplication.run(SpringApplication.java:307)
	at org.springframework.boot.test.context.SpringBootContextLoader.loadContext(SpringBootContextLoader.java:132)
	at org.springframework.test.context.cache.DefaultCacheAwareContextLoaderDelegate.loadContextInternal(DefaultCacheAwareContextLoaderDelegate.java:141)
	at org.springframework.test.context.cache.DefaultCacheAwareContextLoaderDelegate.loadContext(DefaultCacheAwareContextLoaderDelegate.java:90)
	... 67 common frames omitted
Caused by: java.lang.IllegalStateException: javax.websocket.server.ServerContainer not available
	at org.springframework.util.Assert.state(Assert.java:76)
	at org.springframework.web.socket.server.standard.ServerEndpointExporter.afterPropertiesSet(ServerEndpointExporter.java:107)
	at org.springframework.beans.factory.support.AbstractAutowireCapableBeanFactory.invokeInitMethods(AbstractAutowireCapableBeanFactory.java:1863)
	at org.springframework.beans.factory.support.AbstractAutowireCapableBeanFactory.initializeBean(AbstractAutowireCapableBeanFactory.java:1800)
	... 82 common frames omitted
]]></system-out>
  </testcase>
</testsuite>